#-----------------------------------------------------------
# Vivado v2018.2 (64-bit)
# SW Build 2258646 on Thu Jun 14 20:03:12 MDT 2018
# IP Build 2256618 on Thu Jun 14 22:10:49 MDT 2018
# Start of session at: Tue Nov 27 17:17:50 2018
# Process ID: 7608
# Current directory: D:/CO 2018/LAB4教材/CO_lab4_example
# Command line: vivado.exe -gui_launcher_event rodinguilauncherevent22920 D:\CO 2018\LAB4教材\CO_lab4_example\CO_lab4_example.xpr
# Log file: D:/CO 2018/LAB4教材/CO_lab4_example/vivado.log
# Journal file: D:/CO 2018/LAB4教材/CO_lab4_example\vivado.jou
#-----------------------------------------------------------
start_gui
open_project {D:/CO 2018/LAB4教材/CO_lab4_example/CO_lab4_example.xpr}
INFO: [Project 1-313] Project file moved from 'C:/Users/DUCK/Desktop/co_lab44444/CO_lab4_example' since last save.
Scanning sources...
Finished scanning sources
INFO: [Project 1-230] Project 'CO_lab4_example.xpr' upgraded for this version of Vivado.
INFO: [IP_Flow 19-234] Refreshing IP repositories
INFO: [IP_Flow 19-1704] No user IP repositories specified
INFO: [IP_Flow 19-2313] Loaded Vivado IP repository 'C:/Xilinx/Vivado/2018.2/data/ip'.
update_compile_order -fileset sources_1
reset_run impl_1 -prev_step 
launch_runs impl_1 -to_step write_bitstream -jobs 6
[Tue Nov 27 17:18:29 2018] Launched impl_1...
Run output will be captured here: D:/CO 2018/LAB4教材/CO_lab4_example/CO_lab4_example.runs/impl_1/runme.log
open_hw
connect_hw_server
INFO: [Labtools 27-2285] Connecting to hw_server url TCP:localhost:3121
INFO: [Labtools 27-2222] Launching hw_server...
INFO: [Labtools 27-2221] Launch Output:

****** Xilinx hw_server v2018.2
  **** Build date : Jun 14 2018-20:42:52
    ** Copyright 1986-2018 Xilinx, Inc. All Rights Reserved.


open_hw_target
INFO: [Labtoolstcl 44-466] Opening hw_target localhost:3121/xilinx_tcf/Digilent/210292710077A
set_property PROGRAM.FILE {D:/CO 2018/LAB4教材/CO_lab4_example/CO_lab4_example.runs/impl_1/top.bit} [get_hw_devices xc7a100t_0]
current_hw_device [get_hw_devices xc7a100t_0]
refresh_hw_device -update_hw_probes false [lindex [get_hw_devices xc7a100t_0] 0]
INFO: [Labtools 27-1434] Device xc7a100t (JTAG device index = 0) is programmed with a design that has no supported debug core(s) in it.
WARNING: [Labtools 27-3361] The debug hub core was not detected.
Resolution: 
1. Make sure the clock connected to the debug hub (dbg_hub) core is a free running clock and is active.
2. Make sure the BSCAN_SWITCH_USER_MASK device property in Vivado Hardware Manager reflects the user scan chain setting in the design and refresh the device.  To determine the user scan chain setting in the design, open the implemented design and use 'get_property C_USER_SCAN_CHAIN [get_debug_cores dbg_hub]'.
For more details on setting the scan chain property, consult the Vivado Debug and Programming User Guide (UG908).
exit
INFO: [Common 17-206] Exiting Vivado at Tue Nov 27 17:20:03 2018...
