
*** Running vivado
    with args -log CPU.vds -m64 -product Vivado -mode batch -messageDb vivado.pb -notrace -source CPU.tcl


****** Vivado v2018.2 (64-bit)
  **** SW Build 2258646 on Thu Jun 14 20:03:12 MDT 2018
  **** IP Build 2256618 on Thu Jun 14 22:10:49 MDT 2018
    ** Copyright 1986-2018 Xilinx, Inc. All Rights Reserved.

source CPU.tcl -notrace
Command: synth_design -top CPU -part xc7a100tcsg324-3
Starting synth_design
Attempting to get a license for feature 'Synthesis' and/or device 'xc7a100t'
INFO: [Common 17-349] Got license for feature 'Synthesis' and/or device 'xc7a100t'
INFO: Launching helper process for spawning children vivado processes
INFO: Helper process launched with PID 9504 
---------------------------------------------------------------------------------
Starting RTL Elaboration : Time (s): cpu = 00:00:03 ; elapsed = 00:00:02 . Memory (MB): peak = 410.777 ; gain = 96.918
---------------------------------------------------------------------------------
INFO: [Synth 8-6157] synthesizing module 'CPU' [C:/Users/user/Desktop/中正學習資料/三上/計算機組織/LAB_4/LAB_4/LAB_4/LAB_4.srcs/sources_1/imports/LAB_4/CPU.v:2]
INFO: [Synth 8-6157] synthesizing module 'INSTRUCTION_FETCH' [C:/Users/user/Desktop/中正學習資料/三上/計算機組織/LAB_4/LAB_4/LAB_4/LAB_4.srcs/sources_1/imports/4/INSTRUCTION_FETCH.v:2]
WARNING: [Synth 8-3848] Net instruction[255] in module/entity INSTRUCTION_FETCH does not have driver. [C:/Users/user/Desktop/中正學習資料/三上/計算機組織/LAB_4/LAB_4/LAB_4/LAB_4.srcs/sources_1/imports/4/INSTRUCTION_FETCH.v:20]
WARNING: [Synth 8-3848] Net instruction[254] in module/entity INSTRUCTION_FETCH does not have driver. [C:/Users/user/Desktop/中正學習資料/三上/計算機組織/LAB_4/LAB_4/LAB_4/LAB_4.srcs/sources_1/imports/4/INSTRUCTION_FETCH.v:20]
WARNING: [Synth 8-3848] Net instruction[253] in module/entity INSTRUCTION_FETCH does not have driver. [C:/Users/user/Desktop/中正學習資料/三上/計算機組織/LAB_4/LAB_4/LAB_4/LAB_4.srcs/sources_1/imports/4/INSTRUCTION_FETCH.v:20]
WARNING: [Synth 8-3848] Net instruction[252] in module/entity INSTRUCTION_FETCH does not have driver. [C:/Users/user/Desktop/中正學習資料/三上/計算機組織/LAB_4/LAB_4/LAB_4/LAB_4.srcs/sources_1/imports/4/INSTRUCTION_FETCH.v:20]
WARNING: [Synth 8-3848] Net instruction[251] in module/entity INSTRUCTION_FETCH does not have driver. [C:/Users/user/Desktop/中正學習資料/三上/計算機組織/LAB_4/LAB_4/LAB_4/LAB_4.srcs/sources_1/imports/4/INSTRUCTION_FETCH.v:20]
WARNING: [Synth 8-3848] Net instruction[250] in module/entity INSTRUCTION_FETCH does not have driver. [C:/Users/user/Desktop/中正學習資料/三上/計算機組織/LAB_4/LAB_4/LAB_4/LAB_4.srcs/sources_1/imports/4/INSTRUCTION_FETCH.v:20]
WARNING: [Synth 8-3848] Net instruction[249] in module/entity INSTRUCTION_FETCH does not have driver. [C:/Users/user/Desktop/中正學習資料/三上/計算機組織/LAB_4/LAB_4/LAB_4/LAB_4.srcs/sources_1/imports/4/INSTRUCTION_FETCH.v:20]
WARNING: [Synth 8-3848] Net instruction[248] in module/entity INSTRUCTION_FETCH does not have driver. [C:/Users/user/Desktop/中正學習資料/三上/計算機組織/LAB_4/LAB_4/LAB_4/LAB_4.srcs/sources_1/imports/4/INSTRUCTION_FETCH.v:20]
WARNING: [Synth 8-3848] Net instruction[247] in module/entity INSTRUCTION_FETCH does not have driver. [C:/Users/user/Desktop/中正學習資料/三上/計算機組織/LAB_4/LAB_4/LAB_4/LAB_4.srcs/sources_1/imports/4/INSTRUCTION_FETCH.v:20]
WARNING: [Synth 8-3848] Net instruction[246] in module/entity INSTRUCTION_FETCH does not have driver. [C:/Users/user/Desktop/中正學習資料/三上/計算機組織/LAB_4/LAB_4/LAB_4/LAB_4.srcs/sources_1/imports/4/INSTRUCTION_FETCH.v:20]
WARNING: [Synth 8-3848] Net instruction[245] in module/entity INSTRUCTION_FETCH does not have driver. [C:/Users/user/Desktop/中正學習資料/三上/計算機組織/LAB_4/LAB_4/LAB_4/LAB_4.srcs/sources_1/imports/4/INSTRUCTION_FETCH.v:20]
WARNING: [Synth 8-3848] Net instruction[244] in module/entity INSTRUCTION_FETCH does not have driver. [C:/Users/user/Desktop/中正學習資料/三上/計算機組織/LAB_4/LAB_4/LAB_4/LAB_4.srcs/sources_1/imports/4/INSTRUCTION_FETCH.v:20]
WARNING: [Synth 8-3848] Net instruction[243] in module/entity INSTRUCTION_FETCH does not have driver. [C:/Users/user/Desktop/中正學習資料/三上/計算機組織/LAB_4/LAB_4/LAB_4/LAB_4.srcs/sources_1/imports/4/INSTRUCTION_FETCH.v:20]
WARNING: [Synth 8-3848] Net instruction[242] in module/entity INSTRUCTION_FETCH does not have driver. [C:/Users/user/Desktop/中正學習資料/三上/計算機組織/LAB_4/LAB_4/LAB_4/LAB_4.srcs/sources_1/imports/4/INSTRUCTION_FETCH.v:20]
WARNING: [Synth 8-3848] Net instruction[241] in module/entity INSTRUCTION_FETCH does not have driver. [C:/Users/user/Desktop/中正學習資料/三上/計算機組織/LAB_4/LAB_4/LAB_4/LAB_4.srcs/sources_1/imports/4/INSTRUCTION_FETCH.v:20]
WARNING: [Synth 8-3848] Net instruction[240] in module/entity INSTRUCTION_FETCH does not have driver. [C:/Users/user/Desktop/中正學習資料/三上/計算機組織/LAB_4/LAB_4/LAB_4/LAB_4.srcs/sources_1/imports/4/INSTRUCTION_FETCH.v:20]
WARNING: [Synth 8-3848] Net instruction[239] in module/entity INSTRUCTION_FETCH does not have driver. [C:/Users/user/Desktop/中正學習資料/三上/計算機組織/LAB_4/LAB_4/LAB_4/LAB_4.srcs/sources_1/imports/4/INSTRUCTION_FETCH.v:20]
WARNING: [Synth 8-3848] Net instruction[238] in module/entity INSTRUCTION_FETCH does not have driver. [C:/Users/user/Desktop/中正學習資料/三上/計算機組織/LAB_4/LAB_4/LAB_4/LAB_4.srcs/sources_1/imports/4/INSTRUCTION_FETCH.v:20]
WARNING: [Synth 8-3848] Net instruction[237] in module/entity INSTRUCTION_FETCH does not have driver. [C:/Users/user/Desktop/中正學習資料/三上/計算機組織/LAB_4/LAB_4/LAB_4/LAB_4.srcs/sources_1/imports/4/INSTRUCTION_FETCH.v:20]
WARNING: [Synth 8-3848] Net instruction[236] in module/entity INSTRUCTION_FETCH does not have driver. [C:/Users/user/Desktop/中正學習資料/三上/計算機組織/LAB_4/LAB_4/LAB_4/LAB_4.srcs/sources_1/imports/4/INSTRUCTION_FETCH.v:20]
WARNING: [Synth 8-3848] Net instruction[235] in module/entity INSTRUCTION_FETCH does not have driver. [C:/Users/user/Desktop/中正學習資料/三上/計算機組織/LAB_4/LAB_4/LAB_4/LAB_4.srcs/sources_1/imports/4/INSTRUCTION_FETCH.v:20]
WARNING: [Synth 8-3848] Net instruction[234] in module/entity INSTRUCTION_FETCH does not have driver. [C:/Users/user/Desktop/中正學習資料/三上/計算機組織/LAB_4/LAB_4/LAB_4/LAB_4.srcs/sources_1/imports/4/INSTRUCTION_FETCH.v:20]
WARNING: [Synth 8-3848] Net instruction[233] in module/entity INSTRUCTION_FETCH does not have driver. [C:/Users/user/Desktop/中正學習資料/三上/計算機組織/LAB_4/LAB_4/LAB_4/LAB_4.srcs/sources_1/imports/4/INSTRUCTION_FETCH.v:20]
WARNING: [Synth 8-3848] Net instruction[232] in module/entity INSTRUCTION_FETCH does not have driver. [C:/Users/user/Desktop/中正學習資料/三上/計算機組織/LAB_4/LAB_4/LAB_4/LAB_4.srcs/sources_1/imports/4/INSTRUCTION_FETCH.v:20]
WARNING: [Synth 8-3848] Net instruction[231] in module/entity INSTRUCTION_FETCH does not have driver. [C:/Users/user/Desktop/中正學習資料/三上/計算機組織/LAB_4/LAB_4/LAB_4/LAB_4.srcs/sources_1/imports/4/INSTRUCTION_FETCH.v:20]
WARNING: [Synth 8-3848] Net instruction[230] in module/entity INSTRUCTION_FETCH does not have driver. [C:/Users/user/Desktop/中正學習資料/三上/計算機組織/LAB_4/LAB_4/LAB_4/LAB_4.srcs/sources_1/imports/4/INSTRUCTION_FETCH.v:20]
WARNING: [Synth 8-3848] Net instruction[229] in module/entity INSTRUCTION_FETCH does not have driver. [C:/Users/user/Desktop/中正學習資料/三上/計算機組織/LAB_4/LAB_4/LAB_4/LAB_4.srcs/sources_1/imports/4/INSTRUCTION_FETCH.v:20]
WARNING: [Synth 8-3848] Net instruction[228] in module/entity INSTRUCTION_FETCH does not have driver. [C:/Users/user/Desktop/中正學習資料/三上/計算機組織/LAB_4/LAB_4/LAB_4/LAB_4.srcs/sources_1/imports/4/INSTRUCTION_FETCH.v:20]
WARNING: [Synth 8-3848] Net instruction[227] in module/entity INSTRUCTION_FETCH does not have driver. [C:/Users/user/Desktop/中正學習資料/三上/計算機組織/LAB_4/LAB_4/LAB_4/LAB_4.srcs/sources_1/imports/4/INSTRUCTION_FETCH.v:20]
WARNING: [Synth 8-3848] Net instruction[226] in module/entity INSTRUCTION_FETCH does not have driver. [C:/Users/user/Desktop/中正學習資料/三上/計算機組織/LAB_4/LAB_4/LAB_4/LAB_4.srcs/sources_1/imports/4/INSTRUCTION_FETCH.v:20]
WARNING: [Synth 8-3848] Net instruction[225] in module/entity INSTRUCTION_FETCH does not have driver. [C:/Users/user/Desktop/中正學習資料/三上/計算機組織/LAB_4/LAB_4/LAB_4/LAB_4.srcs/sources_1/imports/4/INSTRUCTION_FETCH.v:20]
WARNING: [Synth 8-3848] Net instruction[224] in module/entity INSTRUCTION_FETCH does not have driver. [C:/Users/user/Desktop/中正學習資料/三上/計算機組織/LAB_4/LAB_4/LAB_4/LAB_4.srcs/sources_1/imports/4/INSTRUCTION_FETCH.v:20]
WARNING: [Synth 8-3848] Net instruction[223] in module/entity INSTRUCTION_FETCH does not have driver. [C:/Users/user/Desktop/中正學習資料/三上/計算機組織/LAB_4/LAB_4/LAB_4/LAB_4.srcs/sources_1/imports/4/INSTRUCTION_FETCH.v:20]
WARNING: [Synth 8-3848] Net instruction[222] in module/entity INSTRUCTION_FETCH does not have driver. [C:/Users/user/Desktop/中正學習資料/三上/計算機組織/LAB_4/LAB_4/LAB_4/LAB_4.srcs/sources_1/imports/4/INSTRUCTION_FETCH.v:20]
WARNING: [Synth 8-3848] Net instruction[221] in module/entity INSTRUCTION_FETCH does not have driver. [C:/Users/user/Desktop/中正學習資料/三上/計算機組織/LAB_4/LAB_4/LAB_4/LAB_4.srcs/sources_1/imports/4/INSTRUCTION_FETCH.v:20]
WARNING: [Synth 8-3848] Net instruction[220] in module/entity INSTRUCTION_FETCH does not have driver. [C:/Users/user/Desktop/中正學習資料/三上/計算機組織/LAB_4/LAB_4/LAB_4/LAB_4.srcs/sources_1/imports/4/INSTRUCTION_FETCH.v:20]
WARNING: [Synth 8-3848] Net instruction[219] in module/entity INSTRUCTION_FETCH does not have driver. [C:/Users/user/Desktop/中正學習資料/三上/計算機組織/LAB_4/LAB_4/LAB_4/LAB_4.srcs/sources_1/imports/4/INSTRUCTION_FETCH.v:20]
WARNING: [Synth 8-3848] Net instruction[218] in module/entity INSTRUCTION_FETCH does not have driver. [C:/Users/user/Desktop/中正學習資料/三上/計算機組織/LAB_4/LAB_4/LAB_4/LAB_4.srcs/sources_1/imports/4/INSTRUCTION_FETCH.v:20]
WARNING: [Synth 8-3848] Net instruction[217] in module/entity INSTRUCTION_FETCH does not have driver. [C:/Users/user/Desktop/中正學習資料/三上/計算機組織/LAB_4/LAB_4/LAB_4/LAB_4.srcs/sources_1/imports/4/INSTRUCTION_FETCH.v:20]
WARNING: [Synth 8-3848] Net instruction[216] in module/entity INSTRUCTION_FETCH does not have driver. [C:/Users/user/Desktop/中正學習資料/三上/計算機組織/LAB_4/LAB_4/LAB_4/LAB_4.srcs/sources_1/imports/4/INSTRUCTION_FETCH.v:20]
WARNING: [Synth 8-3848] Net instruction[215] in module/entity INSTRUCTION_FETCH does not have driver. [C:/Users/user/Desktop/中正學習資料/三上/計算機組織/LAB_4/LAB_4/LAB_4/LAB_4.srcs/sources_1/imports/4/INSTRUCTION_FETCH.v:20]
WARNING: [Synth 8-3848] Net instruction[214] in module/entity INSTRUCTION_FETCH does not have driver. [C:/Users/user/Desktop/中正學習資料/三上/計算機組織/LAB_4/LAB_4/LAB_4/LAB_4.srcs/sources_1/imports/4/INSTRUCTION_FETCH.v:20]
WARNING: [Synth 8-3848] Net instruction[213] in module/entity INSTRUCTION_FETCH does not have driver. [C:/Users/user/Desktop/中正學習資料/三上/計算機組織/LAB_4/LAB_4/LAB_4/LAB_4.srcs/sources_1/imports/4/INSTRUCTION_FETCH.v:20]
WARNING: [Synth 8-3848] Net instruction[212] in module/entity INSTRUCTION_FETCH does not have driver. [C:/Users/user/Desktop/中正學習資料/三上/計算機組織/LAB_4/LAB_4/LAB_4/LAB_4.srcs/sources_1/imports/4/INSTRUCTION_FETCH.v:20]
WARNING: [Synth 8-3848] Net instruction[211] in module/entity INSTRUCTION_FETCH does not have driver. [C:/Users/user/Desktop/中正學習資料/三上/計算機組織/LAB_4/LAB_4/LAB_4/LAB_4.srcs/sources_1/imports/4/INSTRUCTION_FETCH.v:20]
WARNING: [Synth 8-3848] Net instruction[210] in module/entity INSTRUCTION_FETCH does not have driver. [C:/Users/user/Desktop/中正學習資料/三上/計算機組織/LAB_4/LAB_4/LAB_4/LAB_4.srcs/sources_1/imports/4/INSTRUCTION_FETCH.v:20]
WARNING: [Synth 8-3848] Net instruction[209] in module/entity INSTRUCTION_FETCH does not have driver. [C:/Users/user/Desktop/中正學習資料/三上/計算機組織/LAB_4/LAB_4/LAB_4/LAB_4.srcs/sources_1/imports/4/INSTRUCTION_FETCH.v:20]
WARNING: [Synth 8-3848] Net instruction[208] in module/entity INSTRUCTION_FETCH does not have driver. [C:/Users/user/Desktop/中正學習資料/三上/計算機組織/LAB_4/LAB_4/LAB_4/LAB_4.srcs/sources_1/imports/4/INSTRUCTION_FETCH.v:20]
WARNING: [Synth 8-3848] Net instruction[207] in module/entity INSTRUCTION_FETCH does not have driver. [C:/Users/user/Desktop/中正學習資料/三上/計算機組織/LAB_4/LAB_4/LAB_4/LAB_4.srcs/sources_1/imports/4/INSTRUCTION_FETCH.v:20]
WARNING: [Synth 8-3848] Net instruction[206] in module/entity INSTRUCTION_FETCH does not have driver. [C:/Users/user/Desktop/中正學習資料/三上/計算機組織/LAB_4/LAB_4/LAB_4/LAB_4.srcs/sources_1/imports/4/INSTRUCTION_FETCH.v:20]
WARNING: [Synth 8-3848] Net instruction[205] in module/entity INSTRUCTION_FETCH does not have driver. [C:/Users/user/Desktop/中正學習資料/三上/計算機組織/LAB_4/LAB_4/LAB_4/LAB_4.srcs/sources_1/imports/4/INSTRUCTION_FETCH.v:20]
WARNING: [Synth 8-3848] Net instruction[204] in module/entity INSTRUCTION_FETCH does not have driver. [C:/Users/user/Desktop/中正學習資料/三上/計算機組織/LAB_4/LAB_4/LAB_4/LAB_4.srcs/sources_1/imports/4/INSTRUCTION_FETCH.v:20]
WARNING: [Synth 8-3848] Net instruction[203] in module/entity INSTRUCTION_FETCH does not have driver. [C:/Users/user/Desktop/中正學習資料/三上/計算機組織/LAB_4/LAB_4/LAB_4/LAB_4.srcs/sources_1/imports/4/INSTRUCTION_FETCH.v:20]
WARNING: [Synth 8-3848] Net instruction[202] in module/entity INSTRUCTION_FETCH does not have driver. [C:/Users/user/Desktop/中正學習資料/三上/計算機組織/LAB_4/LAB_4/LAB_4/LAB_4.srcs/sources_1/imports/4/INSTRUCTION_FETCH.v:20]
WARNING: [Synth 8-3848] Net instruction[201] in module/entity INSTRUCTION_FETCH does not have driver. [C:/Users/user/Desktop/中正學習資料/三上/計算機組織/LAB_4/LAB_4/LAB_4/LAB_4.srcs/sources_1/imports/4/INSTRUCTION_FETCH.v:20]
WARNING: [Synth 8-3848] Net instruction[200] in module/entity INSTRUCTION_FETCH does not have driver. [C:/Users/user/Desktop/中正學習資料/三上/計算機組織/LAB_4/LAB_4/LAB_4/LAB_4.srcs/sources_1/imports/4/INSTRUCTION_FETCH.v:20]
WARNING: [Synth 8-3848] Net instruction[199] in module/entity INSTRUCTION_FETCH does not have driver. [C:/Users/user/Desktop/中正學習資料/三上/計算機組織/LAB_4/LAB_4/LAB_4/LAB_4.srcs/sources_1/imports/4/INSTRUCTION_FETCH.v:20]
WARNING: [Synth 8-3848] Net instruction[198] in module/entity INSTRUCTION_FETCH does not have driver. [C:/Users/user/Desktop/中正學習資料/三上/計算機組織/LAB_4/LAB_4/LAB_4/LAB_4.srcs/sources_1/imports/4/INSTRUCTION_FETCH.v:20]
WARNING: [Synth 8-3848] Net instruction[197] in module/entity INSTRUCTION_FETCH does not have driver. [C:/Users/user/Desktop/中正學習資料/三上/計算機組織/LAB_4/LAB_4/LAB_4/LAB_4.srcs/sources_1/imports/4/INSTRUCTION_FETCH.v:20]
WARNING: [Synth 8-3848] Net instruction[196] in module/entity INSTRUCTION_FETCH does not have driver. [C:/Users/user/Desktop/中正學習資料/三上/計算機組織/LAB_4/LAB_4/LAB_4/LAB_4.srcs/sources_1/imports/4/INSTRUCTION_FETCH.v:20]
WARNING: [Synth 8-3848] Net instruction[195] in module/entity INSTRUCTION_FETCH does not have driver. [C:/Users/user/Desktop/中正學習資料/三上/計算機組織/LAB_4/LAB_4/LAB_4/LAB_4.srcs/sources_1/imports/4/INSTRUCTION_FETCH.v:20]
WARNING: [Synth 8-3848] Net instruction[194] in module/entity INSTRUCTION_FETCH does not have driver. [C:/Users/user/Desktop/中正學習資料/三上/計算機組織/LAB_4/LAB_4/LAB_4/LAB_4.srcs/sources_1/imports/4/INSTRUCTION_FETCH.v:20]
WARNING: [Synth 8-3848] Net instruction[193] in module/entity INSTRUCTION_FETCH does not have driver. [C:/Users/user/Desktop/中正學習資料/三上/計算機組織/LAB_4/LAB_4/LAB_4/LAB_4.srcs/sources_1/imports/4/INSTRUCTION_FETCH.v:20]
WARNING: [Synth 8-3848] Net instruction[192] in module/entity INSTRUCTION_FETCH does not have driver. [C:/Users/user/Desktop/中正學習資料/三上/計算機組織/LAB_4/LAB_4/LAB_4/LAB_4.srcs/sources_1/imports/4/INSTRUCTION_FETCH.v:20]
WARNING: [Synth 8-3848] Net instruction[191] in module/entity INSTRUCTION_FETCH does not have driver. [C:/Users/user/Desktop/中正學習資料/三上/計算機組織/LAB_4/LAB_4/LAB_4/LAB_4.srcs/sources_1/imports/4/INSTRUCTION_FETCH.v:20]
WARNING: [Synth 8-3848] Net instruction[190] in module/entity INSTRUCTION_FETCH does not have driver. [C:/Users/user/Desktop/中正學習資料/三上/計算機組織/LAB_4/LAB_4/LAB_4/LAB_4.srcs/sources_1/imports/4/INSTRUCTION_FETCH.v:20]
WARNING: [Synth 8-3848] Net instruction[189] in module/entity INSTRUCTION_FETCH does not have driver. [C:/Users/user/Desktop/中正學習資料/三上/計算機組織/LAB_4/LAB_4/LAB_4/LAB_4.srcs/sources_1/imports/4/INSTRUCTION_FETCH.v:20]
WARNING: [Synth 8-3848] Net instruction[188] in module/entity INSTRUCTION_FETCH does not have driver. [C:/Users/user/Desktop/中正學習資料/三上/計算機組織/LAB_4/LAB_4/LAB_4/LAB_4.srcs/sources_1/imports/4/INSTRUCTION_FETCH.v:20]
WARNING: [Synth 8-3848] Net instruction[187] in module/entity INSTRUCTION_FETCH does not have driver. [C:/Users/user/Desktop/中正學習資料/三上/計算機組織/LAB_4/LAB_4/LAB_4/LAB_4.srcs/sources_1/imports/4/INSTRUCTION_FETCH.v:20]
WARNING: [Synth 8-3848] Net instruction[186] in module/entity INSTRUCTION_FETCH does not have driver. [C:/Users/user/Desktop/中正學習資料/三上/計算機組織/LAB_4/LAB_4/LAB_4/LAB_4.srcs/sources_1/imports/4/INSTRUCTION_FETCH.v:20]
WARNING: [Synth 8-3848] Net instruction[185] in module/entity INSTRUCTION_FETCH does not have driver. [C:/Users/user/Desktop/中正學習資料/三上/計算機組織/LAB_4/LAB_4/LAB_4/LAB_4.srcs/sources_1/imports/4/INSTRUCTION_FETCH.v:20]
WARNING: [Synth 8-3848] Net instruction[184] in module/entity INSTRUCTION_FETCH does not have driver. [C:/Users/user/Desktop/中正學習資料/三上/計算機組織/LAB_4/LAB_4/LAB_4/LAB_4.srcs/sources_1/imports/4/INSTRUCTION_FETCH.v:20]
WARNING: [Synth 8-3848] Net instruction[183] in module/entity INSTRUCTION_FETCH does not have driver. [C:/Users/user/Desktop/中正學習資料/三上/計算機組織/LAB_4/LAB_4/LAB_4/LAB_4.srcs/sources_1/imports/4/INSTRUCTION_FETCH.v:20]
WARNING: [Synth 8-3848] Net instruction[182] in module/entity INSTRUCTION_FETCH does not have driver. [C:/Users/user/Desktop/中正學習資料/三上/計算機組織/LAB_4/LAB_4/LAB_4/LAB_4.srcs/sources_1/imports/4/INSTRUCTION_FETCH.v:20]
WARNING: [Synth 8-3848] Net instruction[181] in module/entity INSTRUCTION_FETCH does not have driver. [C:/Users/user/Desktop/中正學習資料/三上/計算機組織/LAB_4/LAB_4/LAB_4/LAB_4.srcs/sources_1/imports/4/INSTRUCTION_FETCH.v:20]
WARNING: [Synth 8-3848] Net instruction[180] in module/entity INSTRUCTION_FETCH does not have driver. [C:/Users/user/Desktop/中正學習資料/三上/計算機組織/LAB_4/LAB_4/LAB_4/LAB_4.srcs/sources_1/imports/4/INSTRUCTION_FETCH.v:20]
WARNING: [Synth 8-3848] Net instruction[179] in module/entity INSTRUCTION_FETCH does not have driver. [C:/Users/user/Desktop/中正學習資料/三上/計算機組織/LAB_4/LAB_4/LAB_4/LAB_4.srcs/sources_1/imports/4/INSTRUCTION_FETCH.v:20]
WARNING: [Synth 8-3848] Net instruction[178] in module/entity INSTRUCTION_FETCH does not have driver. [C:/Users/user/Desktop/中正學習資料/三上/計算機組織/LAB_4/LAB_4/LAB_4/LAB_4.srcs/sources_1/imports/4/INSTRUCTION_FETCH.v:20]
WARNING: [Synth 8-3848] Net instruction[177] in module/entity INSTRUCTION_FETCH does not have driver. [C:/Users/user/Desktop/中正學習資料/三上/計算機組織/LAB_4/LAB_4/LAB_4/LAB_4.srcs/sources_1/imports/4/INSTRUCTION_FETCH.v:20]
WARNING: [Synth 8-3848] Net instruction[176] in module/entity INSTRUCTION_FETCH does not have driver. [C:/Users/user/Desktop/中正學習資料/三上/計算機組織/LAB_4/LAB_4/LAB_4/LAB_4.srcs/sources_1/imports/4/INSTRUCTION_FETCH.v:20]
WARNING: [Synth 8-3848] Net instruction[175] in module/entity INSTRUCTION_FETCH does not have driver. [C:/Users/user/Desktop/中正學習資料/三上/計算機組織/LAB_4/LAB_4/LAB_4/LAB_4.srcs/sources_1/imports/4/INSTRUCTION_FETCH.v:20]
WARNING: [Synth 8-3848] Net instruction[174] in module/entity INSTRUCTION_FETCH does not have driver. [C:/Users/user/Desktop/中正學習資料/三上/計算機組織/LAB_4/LAB_4/LAB_4/LAB_4.srcs/sources_1/imports/4/INSTRUCTION_FETCH.v:20]
WARNING: [Synth 8-3848] Net instruction[173] in module/entity INSTRUCTION_FETCH does not have driver. [C:/Users/user/Desktop/中正學習資料/三上/計算機組織/LAB_4/LAB_4/LAB_4/LAB_4.srcs/sources_1/imports/4/INSTRUCTION_FETCH.v:20]
WARNING: [Synth 8-3848] Net instruction[172] in module/entity INSTRUCTION_FETCH does not have driver. [C:/Users/user/Desktop/中正學習資料/三上/計算機組織/LAB_4/LAB_4/LAB_4/LAB_4.srcs/sources_1/imports/4/INSTRUCTION_FETCH.v:20]
WARNING: [Synth 8-3848] Net instruction[171] in module/entity INSTRUCTION_FETCH does not have driver. [C:/Users/user/Desktop/中正學習資料/三上/計算機組織/LAB_4/LAB_4/LAB_4/LAB_4.srcs/sources_1/imports/4/INSTRUCTION_FETCH.v:20]
WARNING: [Synth 8-3848] Net instruction[170] in module/entity INSTRUCTION_FETCH does not have driver. [C:/Users/user/Desktop/中正學習資料/三上/計算機組織/LAB_4/LAB_4/LAB_4/LAB_4.srcs/sources_1/imports/4/INSTRUCTION_FETCH.v:20]
WARNING: [Synth 8-3848] Net instruction[169] in module/entity INSTRUCTION_FETCH does not have driver. [C:/Users/user/Desktop/中正學習資料/三上/計算機組織/LAB_4/LAB_4/LAB_4/LAB_4.srcs/sources_1/imports/4/INSTRUCTION_FETCH.v:20]
WARNING: [Synth 8-3848] Net instruction[168] in module/entity INSTRUCTION_FETCH does not have driver. [C:/Users/user/Desktop/中正學習資料/三上/計算機組織/LAB_4/LAB_4/LAB_4/LAB_4.srcs/sources_1/imports/4/INSTRUCTION_FETCH.v:20]
WARNING: [Synth 8-3848] Net instruction[167] in module/entity INSTRUCTION_FETCH does not have driver. [C:/Users/user/Desktop/中正學習資料/三上/計算機組織/LAB_4/LAB_4/LAB_4/LAB_4.srcs/sources_1/imports/4/INSTRUCTION_FETCH.v:20]
WARNING: [Synth 8-3848] Net instruction[166] in module/entity INSTRUCTION_FETCH does not have driver. [C:/Users/user/Desktop/中正學習資料/三上/計算機組織/LAB_4/LAB_4/LAB_4/LAB_4.srcs/sources_1/imports/4/INSTRUCTION_FETCH.v:20]
WARNING: [Synth 8-3848] Net instruction[165] in module/entity INSTRUCTION_FETCH does not have driver. [C:/Users/user/Desktop/中正學習資料/三上/計算機組織/LAB_4/LAB_4/LAB_4/LAB_4.srcs/sources_1/imports/4/INSTRUCTION_FETCH.v:20]
WARNING: [Synth 8-3848] Net instruction[164] in module/entity INSTRUCTION_FETCH does not have driver. [C:/Users/user/Desktop/中正學習資料/三上/計算機組織/LAB_4/LAB_4/LAB_4/LAB_4.srcs/sources_1/imports/4/INSTRUCTION_FETCH.v:20]
WARNING: [Synth 8-3848] Net instruction[163] in module/entity INSTRUCTION_FETCH does not have driver. [C:/Users/user/Desktop/中正學習資料/三上/計算機組織/LAB_4/LAB_4/LAB_4/LAB_4.srcs/sources_1/imports/4/INSTRUCTION_FETCH.v:20]
WARNING: [Synth 8-3848] Net instruction[162] in module/entity INSTRUCTION_FETCH does not have driver. [C:/Users/user/Desktop/中正學習資料/三上/計算機組織/LAB_4/LAB_4/LAB_4/LAB_4.srcs/sources_1/imports/4/INSTRUCTION_FETCH.v:20]
WARNING: [Synth 8-3848] Net instruction[161] in module/entity INSTRUCTION_FETCH does not have driver. [C:/Users/user/Desktop/中正學習資料/三上/計算機組織/LAB_4/LAB_4/LAB_4/LAB_4.srcs/sources_1/imports/4/INSTRUCTION_FETCH.v:20]
WARNING: [Synth 8-3848] Net instruction[160] in module/entity INSTRUCTION_FETCH does not have driver. [C:/Users/user/Desktop/中正學習資料/三上/計算機組織/LAB_4/LAB_4/LAB_4/LAB_4.srcs/sources_1/imports/4/INSTRUCTION_FETCH.v:20]
WARNING: [Synth 8-3848] Net instruction[159] in module/entity INSTRUCTION_FETCH does not have driver. [C:/Users/user/Desktop/中正學習資料/三上/計算機組織/LAB_4/LAB_4/LAB_4/LAB_4.srcs/sources_1/imports/4/INSTRUCTION_FETCH.v:20]
WARNING: [Synth 8-3848] Net instruction[158] in module/entity INSTRUCTION_FETCH does not have driver. [C:/Users/user/Desktop/中正學習資料/三上/計算機組織/LAB_4/LAB_4/LAB_4/LAB_4.srcs/sources_1/imports/4/INSTRUCTION_FETCH.v:20]
WARNING: [Synth 8-3848] Net instruction[157] in module/entity INSTRUCTION_FETCH does not have driver. [C:/Users/user/Desktop/中正學習資料/三上/計算機組織/LAB_4/LAB_4/LAB_4/LAB_4.srcs/sources_1/imports/4/INSTRUCTION_FETCH.v:20]
WARNING: [Synth 8-3848] Net instruction[156] in module/entity INSTRUCTION_FETCH does not have driver. [C:/Users/user/Desktop/中正學習資料/三上/計算機組織/LAB_4/LAB_4/LAB_4/LAB_4.srcs/sources_1/imports/4/INSTRUCTION_FETCH.v:20]
INFO: [Common 17-14] Message 'Synth 8-3848' appears 100 times and further instances of the messages will be disabled. Use the Tcl command set_msg_config to change the current settings.
INFO: [Synth 8-6155] done synthesizing module 'INSTRUCTION_FETCH' (1#1) [C:/Users/user/Desktop/中正學習資料/三上/計算機組織/LAB_4/LAB_4/LAB_4/LAB_4.srcs/sources_1/imports/4/INSTRUCTION_FETCH.v:2]
INFO: [Synth 8-6157] synthesizing module 'INSTRUCTION_DECODE' [C:/Users/user/Desktop/中正學習資料/三上/計算機組織/LAB_4/LAB_4/LAB_4/LAB_4.srcs/sources_1/imports/LAB_4/INSTRUCTION_DECODE.v:2]
INFO: [Synth 8-155] case statement is not full and has no default [C:/Users/user/Desktop/中正學習資料/三上/計算機組織/LAB_4/LAB_4/LAB_4/LAB_4.srcs/sources_1/imports/LAB_4/INSTRUCTION_DECODE.v:128]
WARNING: [Synth 8-5788] Register REG_reg[5] in module INSTRUCTION_DECODE is has both Set and reset with same priority. This may cause simulation mismatches. Consider rewriting code  [C:/Users/user/Desktop/中正學習資料/三上/計算機組織/LAB_4/LAB_4/LAB_4/LAB_4.srcs/sources_1/imports/LAB_4/INSTRUCTION_DECODE.v:62]
WARNING: [Synth 8-5788] Register REG_reg[16] in module INSTRUCTION_DECODE is has both Set and reset with same priority. This may cause simulation mismatches. Consider rewriting code  [C:/Users/user/Desktop/中正學習資料/三上/計算機組織/LAB_4/LAB_4/LAB_4/LAB_4.srcs/sources_1/imports/LAB_4/INSTRUCTION_DECODE.v:62]
WARNING: [Synth 8-5788] Register REG_reg[17] in module INSTRUCTION_DECODE is has both Set and reset with same priority. This may cause simulation mismatches. Consider rewriting code  [C:/Users/user/Desktop/中正學習資料/三上/計算機組織/LAB_4/LAB_4/LAB_4/LAB_4.srcs/sources_1/imports/LAB_4/INSTRUCTION_DECODE.v:62]
WARNING: [Synth 8-5788] Register REG_reg[18] in module INSTRUCTION_DECODE is has both Set and reset with same priority. This may cause simulation mismatches. Consider rewriting code  [C:/Users/user/Desktop/中正學習資料/三上/計算機組織/LAB_4/LAB_4/LAB_4/LAB_4.srcs/sources_1/imports/LAB_4/INSTRUCTION_DECODE.v:62]
WARNING: [Synth 8-5788] Register REG_reg[19] in module INSTRUCTION_DECODE is has both Set and reset with same priority. This may cause simulation mismatches. Consider rewriting code  [C:/Users/user/Desktop/中正學習資料/三上/計算機組織/LAB_4/LAB_4/LAB_4/LAB_4.srcs/sources_1/imports/LAB_4/INSTRUCTION_DECODE.v:62]
WARNING: [Synth 8-5788] Register REG_reg[20] in module INSTRUCTION_DECODE is has both Set and reset with same priority. This may cause simulation mismatches. Consider rewriting code  [C:/Users/user/Desktop/中正學習資料/三上/計算機組織/LAB_4/LAB_4/LAB_4/LAB_4.srcs/sources_1/imports/LAB_4/INSTRUCTION_DECODE.v:62]
WARNING: [Synth 8-5788] Register REG_reg[21] in module INSTRUCTION_DECODE is has both Set and reset with same priority. This may cause simulation mismatches. Consider rewriting code  [C:/Users/user/Desktop/中正學習資料/三上/計算機組織/LAB_4/LAB_4/LAB_4/LAB_4.srcs/sources_1/imports/LAB_4/INSTRUCTION_DECODE.v:62]
WARNING: [Synth 8-5788] Register REG_reg[22] in module INSTRUCTION_DECODE is has both Set and reset with same priority. This may cause simulation mismatches. Consider rewriting code  [C:/Users/user/Desktop/中正學習資料/三上/計算機組織/LAB_4/LAB_4/LAB_4/LAB_4.srcs/sources_1/imports/LAB_4/INSTRUCTION_DECODE.v:62]
WARNING: [Synth 8-5788] Register REG_reg[23] in module INSTRUCTION_DECODE is has both Set and reset with same priority. This may cause simulation mismatches. Consider rewriting code  [C:/Users/user/Desktop/中正學習資料/三上/計算機組織/LAB_4/LAB_4/LAB_4/LAB_4.srcs/sources_1/imports/LAB_4/INSTRUCTION_DECODE.v:62]
WARNING: [Synth 8-5788] Register REG_reg[24] in module INSTRUCTION_DECODE is has both Set and reset with same priority. This may cause simulation mismatches. Consider rewriting code  [C:/Users/user/Desktop/中正學習資料/三上/計算機組織/LAB_4/LAB_4/LAB_4/LAB_4.srcs/sources_1/imports/LAB_4/INSTRUCTION_DECODE.v:62]
WARNING: [Synth 8-5788] Register REG_reg[25] in module INSTRUCTION_DECODE is has both Set and reset with same priority. This may cause simulation mismatches. Consider rewriting code  [C:/Users/user/Desktop/中正學習資料/三上/計算機組織/LAB_4/LAB_4/LAB_4/LAB_4.srcs/sources_1/imports/LAB_4/INSTRUCTION_DECODE.v:62]
WARNING: [Synth 8-5788] Register REG_reg[26] in module INSTRUCTION_DECODE is has both Set and reset with same priority. This may cause simulation mismatches. Consider rewriting code  [C:/Users/user/Desktop/中正學習資料/三上/計算機組織/LAB_4/LAB_4/LAB_4/LAB_4.srcs/sources_1/imports/LAB_4/INSTRUCTION_DECODE.v:62]
WARNING: [Synth 8-5788] Register REG_reg[27] in module INSTRUCTION_DECODE is has both Set and reset with same priority. This may cause simulation mismatches. Consider rewriting code  [C:/Users/user/Desktop/中正學習資料/三上/計算機組織/LAB_4/LAB_4/LAB_4/LAB_4.srcs/sources_1/imports/LAB_4/INSTRUCTION_DECODE.v:62]
WARNING: [Synth 8-5788] Register REG_reg[28] in module INSTRUCTION_DECODE is has both Set and reset with same priority. This may cause simulation mismatches. Consider rewriting code  [C:/Users/user/Desktop/中正學習資料/三上/計算機組織/LAB_4/LAB_4/LAB_4/LAB_4.srcs/sources_1/imports/LAB_4/INSTRUCTION_DECODE.v:62]
WARNING: [Synth 8-5788] Register REG_reg[29] in module INSTRUCTION_DECODE is has both Set and reset with same priority. This may cause simulation mismatches. Consider rewriting code  [C:/Users/user/Desktop/中正學習資料/三上/計算機組織/LAB_4/LAB_4/LAB_4/LAB_4.srcs/sources_1/imports/LAB_4/INSTRUCTION_DECODE.v:62]
WARNING: [Synth 8-5788] Register REG_reg[30] in module INSTRUCTION_DECODE is has both Set and reset with same priority. This may cause simulation mismatches. Consider rewriting code  [C:/Users/user/Desktop/中正學習資料/三上/計算機組織/LAB_4/LAB_4/LAB_4/LAB_4.srcs/sources_1/imports/LAB_4/INSTRUCTION_DECODE.v:62]
WARNING: [Synth 8-5788] Register REG_reg[31] in module INSTRUCTION_DECODE is has both Set and reset with same priority. This may cause simulation mismatches. Consider rewriting code  [C:/Users/user/Desktop/中正學習資料/三上/計算機組織/LAB_4/LAB_4/LAB_4/LAB_4.srcs/sources_1/imports/LAB_4/INSTRUCTION_DECODE.v:62]
INFO: [Synth 8-6155] done synthesizing module 'INSTRUCTION_DECODE' (2#1) [C:/Users/user/Desktop/中正學習資料/三上/計算機組織/LAB_4/LAB_4/LAB_4/LAB_4.srcs/sources_1/imports/LAB_4/INSTRUCTION_DECODE.v:2]
INFO: [Synth 8-6157] synthesizing module 'EXECUTION' [C:/Users/user/Desktop/中正學習資料/三上/計算機組織/LAB_4/LAB_4/LAB_4/LAB_4.srcs/sources_1/imports/LAB_4/EXECUTION.v:2]
INFO: [Synth 8-6155] done synthesizing module 'EXECUTION' (3#1) [C:/Users/user/Desktop/中正學習資料/三上/計算機組織/LAB_4/LAB_4/LAB_4/LAB_4.srcs/sources_1/imports/LAB_4/EXECUTION.v:2]
WARNING: [Synth 8-350] instance 'EXE' of module 'EXECUTION' requires 26 connections, but only 23 given [C:/Users/user/Desktop/中正學習資料/三上/計算機組織/LAB_4/LAB_4/LAB_4/LAB_4.srcs/sources_1/imports/LAB_4/CPU.v:125]
INFO: [Synth 8-6157] synthesizing module 'MEMORY' [C:/Users/user/Desktop/中正學習資料/三上/計算機組織/LAB_4/LAB_4/LAB_4/LAB_4.srcs/sources_1/imports/LAB_4/MEMORY.v:2]
INFO: [Synth 8-6155] done synthesizing module 'MEMORY' (4#1) [C:/Users/user/Desktop/中正學習資料/三上/計算機組織/LAB_4/LAB_4/LAB_4/LAB_4.srcs/sources_1/imports/LAB_4/MEMORY.v:2]
INFO: [Synth 8-6157] synthesizing module 'top' [C:/Users/user/Desktop/中正學習資料/三上/計算機組織/LAB_4/LAB_4/LAB_4/LAB_4.srcs/sources_1/imports/LAB_4/TOP.v:22]
INFO: [Synth 8-226] default block is never used [C:/Users/user/Desktop/中正學習資料/三上/計算機組織/LAB_4/LAB_4/LAB_4/LAB_4.srcs/sources_1/imports/LAB_4/TOP.v:74]
INFO: [Synth 8-6155] done synthesizing module 'top' (5#1) [C:/Users/user/Desktop/中正學習資料/三上/計算機組織/LAB_4/LAB_4/LAB_4/LAB_4.srcs/sources_1/imports/LAB_4/TOP.v:22]
INFO: [Synth 8-6085] Hierarchical reference on 'REG' stops possible memory inference [C:/Users/user/Desktop/中正學習資料/三上/計算機組織/LAB_4/LAB_4/LAB_4/LAB_4.srcs/sources_1/imports/LAB_4/INSTRUCTION_DECODE.v:56]
INFO: [Synth 8-6155] done synthesizing module 'CPU' (6#1) [C:/Users/user/Desktop/中正學習資料/三上/計算機組織/LAB_4/LAB_4/LAB_4/LAB_4.srcs/sources_1/imports/LAB_4/CPU.v:2]
WARNING: [Synth 8-3331] design top has unconnected port result1[31]
WARNING: [Synth 8-3331] design top has unconnected port result1[30]
WARNING: [Synth 8-3331] design top has unconnected port result1[29]
WARNING: [Synth 8-3331] design top has unconnected port result1[28]
WARNING: [Synth 8-3331] design top has unconnected port result1[27]
WARNING: [Synth 8-3331] design top has unconnected port result1[26]
WARNING: [Synth 8-3331] design top has unconnected port result1[25]
WARNING: [Synth 8-3331] design top has unconnected port result1[24]
WARNING: [Synth 8-3331] design top has unconnected port result1[23]
WARNING: [Synth 8-3331] design top has unconnected port result1[22]
WARNING: [Synth 8-3331] design top has unconnected port result1[21]
WARNING: [Synth 8-3331] design top has unconnected port result1[20]
WARNING: [Synth 8-3331] design top has unconnected port result1[19]
WARNING: [Synth 8-3331] design top has unconnected port result1[18]
WARNING: [Synth 8-3331] design top has unconnected port result1[17]
WARNING: [Synth 8-3331] design top has unconnected port result1[16]
WARNING: [Synth 8-3331] design top has unconnected port result1[15]
WARNING: [Synth 8-3331] design top has unconnected port result1[14]
WARNING: [Synth 8-3331] design top has unconnected port result1[13]
WARNING: [Synth 8-3331] design top has unconnected port result2[31]
WARNING: [Synth 8-3331] design top has unconnected port result2[30]
WARNING: [Synth 8-3331] design top has unconnected port result2[29]
WARNING: [Synth 8-3331] design top has unconnected port result2[28]
WARNING: [Synth 8-3331] design top has unconnected port result2[27]
WARNING: [Synth 8-3331] design top has unconnected port result2[26]
WARNING: [Synth 8-3331] design top has unconnected port result2[25]
WARNING: [Synth 8-3331] design top has unconnected port result2[24]
WARNING: [Synth 8-3331] design top has unconnected port result2[23]
WARNING: [Synth 8-3331] design top has unconnected port result2[22]
WARNING: [Synth 8-3331] design top has unconnected port result2[21]
WARNING: [Synth 8-3331] design top has unconnected port result2[20]
WARNING: [Synth 8-3331] design top has unconnected port result2[19]
WARNING: [Synth 8-3331] design top has unconnected port result2[18]
WARNING: [Synth 8-3331] design top has unconnected port result2[17]
WARNING: [Synth 8-3331] design top has unconnected port result2[16]
WARNING: [Synth 8-3331] design top has unconnected port result2[15]
WARNING: [Synth 8-3331] design top has unconnected port result2[14]
WARNING: [Synth 8-3331] design top has unconnected port result2[13]
WARNING: [Synth 8-3331] design EXECUTION has unconnected port JT[31]
WARNING: [Synth 8-3331] design EXECUTION has unconnected port JT[30]
WARNING: [Synth 8-3331] design EXECUTION has unconnected port JT[29]
WARNING: [Synth 8-3331] design EXECUTION has unconnected port JT[28]
WARNING: [Synth 8-3331] design EXECUTION has unconnected port JT[27]
WARNING: [Synth 8-3331] design EXECUTION has unconnected port JT[26]
WARNING: [Synth 8-3331] design EXECUTION has unconnected port JT[25]
WARNING: [Synth 8-3331] design EXECUTION has unconnected port JT[24]
WARNING: [Synth 8-3331] design EXECUTION has unconnected port JT[23]
WARNING: [Synth 8-3331] design EXECUTION has unconnected port JT[22]
WARNING: [Synth 8-3331] design EXECUTION has unconnected port JT[21]
WARNING: [Synth 8-3331] design EXECUTION has unconnected port JT[20]
WARNING: [Synth 8-3331] design EXECUTION has unconnected port JT[19]
WARNING: [Synth 8-3331] design EXECUTION has unconnected port JT[18]
WARNING: [Synth 8-3331] design EXECUTION has unconnected port JT[17]
WARNING: [Synth 8-3331] design EXECUTION has unconnected port JT[16]
WARNING: [Synth 8-3331] design EXECUTION has unconnected port JT[15]
WARNING: [Synth 8-3331] design EXECUTION has unconnected port JT[14]
WARNING: [Synth 8-3331] design EXECUTION has unconnected port JT[13]
WARNING: [Synth 8-3331] design EXECUTION has unconnected port JT[12]
WARNING: [Synth 8-3331] design EXECUTION has unconnected port JT[11]
WARNING: [Synth 8-3331] design EXECUTION has unconnected port JT[10]
WARNING: [Synth 8-3331] design EXECUTION has unconnected port JT[9]
WARNING: [Synth 8-3331] design EXECUTION has unconnected port JT[8]
WARNING: [Synth 8-3331] design EXECUTION has unconnected port JT[7]
WARNING: [Synth 8-3331] design EXECUTION has unconnected port JT[6]
WARNING: [Synth 8-3331] design EXECUTION has unconnected port JT[5]
WARNING: [Synth 8-3331] design EXECUTION has unconnected port JT[4]
WARNING: [Synth 8-3331] design EXECUTION has unconnected port JT[3]
WARNING: [Synth 8-3331] design EXECUTION has unconnected port JT[2]
WARNING: [Synth 8-3331] design EXECUTION has unconnected port JT[1]
WARNING: [Synth 8-3331] design EXECUTION has unconnected port JT[0]
WARNING: [Synth 8-3331] design EXECUTION has unconnected port DX_PC[31]
WARNING: [Synth 8-3331] design EXECUTION has unconnected port DX_PC[30]
WARNING: [Synth 8-3331] design EXECUTION has unconnected port DX_PC[29]
WARNING: [Synth 8-3331] design EXECUTION has unconnected port DX_PC[28]
WARNING: [Synth 8-3331] design EXECUTION has unconnected port DX_PC[27]
WARNING: [Synth 8-3331] design EXECUTION has unconnected port DX_PC[26]
WARNING: [Synth 8-3331] design EXECUTION has unconnected port DX_PC[25]
WARNING: [Synth 8-3331] design EXECUTION has unconnected port DX_PC[24]
WARNING: [Synth 8-3331] design EXECUTION has unconnected port DX_PC[23]
WARNING: [Synth 8-3331] design EXECUTION has unconnected port DX_PC[22]
WARNING: [Synth 8-3331] design EXECUTION has unconnected port DX_PC[21]
WARNING: [Synth 8-3331] design EXECUTION has unconnected port DX_PC[20]
WARNING: [Synth 8-3331] design EXECUTION has unconnected port DX_PC[19]
WARNING: [Synth 8-3331] design EXECUTION has unconnected port DX_PC[18]
WARNING: [Synth 8-3331] design EXECUTION has unconnected port DX_PC[17]
WARNING: [Synth 8-3331] design EXECUTION has unconnected port DX_PC[16]
WARNING: [Synth 8-3331] design EXECUTION has unconnected port DX_PC[15]
WARNING: [Synth 8-3331] design EXECUTION has unconnected port DX_PC[14]
WARNING: [Synth 8-3331] design EXECUTION has unconnected port DX_PC[13]
WARNING: [Synth 8-3331] design EXECUTION has unconnected port DX_PC[12]
WARNING: [Synth 8-3331] design EXECUTION has unconnected port DX_PC[11]
WARNING: [Synth 8-3331] design EXECUTION has unconnected port DX_PC[10]
WARNING: [Synth 8-3331] design EXECUTION has unconnected port DX_PC[9]
WARNING: [Synth 8-3331] design EXECUTION has unconnected port DX_PC[8]
WARNING: [Synth 8-3331] design EXECUTION has unconnected port DX_PC[7]
WARNING: [Synth 8-3331] design EXECUTION has unconnected port DX_PC[6]
WARNING: [Synth 8-3331] design EXECUTION has unconnected port DX_PC[5]
WARNING: [Synth 8-3331] design EXECUTION has unconnected port DX_PC[4]
WARNING: [Synth 8-3331] design EXECUTION has unconnected port DX_PC[3]
WARNING: [Synth 8-3331] design EXECUTION has unconnected port DX_PC[2]
INFO: [Common 17-14] Message 'Synth 8-3331' appears 100 times and further instances of the messages will be disabled. Use the Tcl command set_msg_config to change the current settings.
TclStackFree: incorrect freePtr. Call out of sequence?
